<?xml version="1.0" encoding="UTF-8"?>
<!-- Generated by org.testng.reporters.JUnitXMLReporter -->
<testsuite ignored="0" hostname="LAPTOP-JHQ4MOIN" failures="0" tests="5" name="Default test" time="0.643" errors="0" timestamp="13 Mar 2023 14:29:08 GMT">
  <testcase classname="extentReports.ExtentDemo" name="VerifyLogo" time="0.007"/>
  <testcase classname="extentReports.ExtentDemo" name="launBrowserAndOpenUrl" time="0.001"/>
  <testcase classname="extentReports.ExtentDemo" name="verifyEmail" time="0.001">
    <skipped/>
  </testcase> <!-- verifyEmail -->
  <testcase classname="extentReports.ExtentDemo" name="verifyTitle" time="0.001"/>
  <testcase classname="extentReports.ExtentDemo" name="verifyUserName" time="0.001"/>
</testsuite> <!-- Default test -->
