<?xml version="1.0" encoding="UTF-8"?>
<testng-results ignored="0" total="1" passed="1" failed="0" skipped="0">
  <reporter-output>
  </reporter-output>
  <suite started-at="2023-03-12T11:41:54Z" name="simpleTestMaven.MavenTest" finished-at="2023-03-12T11:41:54Z" duration-ms="24">
    <groups>
    </groups>
    <test started-at="2023-03-12T11:41:54Z" name="Command line test" finished-at="2023-03-12T11:41:54Z" duration-ms="24">
      <class name="simpleTestMaven.MavenTest">
        <test-method signature="test()[pri:0, instance:simpleTestMaven.MavenTest@56de5251]" started-at="2023-03-12T11:41:54Z" name="test" finished-at="2023-03-12T11:41:54Z" duration-ms="6" status="PASS">
          <reporter-output>
          </reporter-output>
        </test-method> <!-- test -->
      </class> <!-- simpleTestMaven.MavenTest -->
    </test> <!-- Command line test -->
  </suite> <!-- simpleTestMaven.MavenTest -->
</testng-results>
