<?xml version="1.0" encoding="UTF-8"?>
<testng-results ignored="0" total="5" passed="4" failed="0" skipped="1">
  <reporter-output>
  </reporter-output>
  <suite started-at="2023-03-13T14:29:07Z" name="Default suite" finished-at="2023-03-13T14:29:08Z" duration-ms="643">
    <groups>
    </groups>
    <test started-at="2023-03-13T14:29:07Z" name="Default test" finished-at="2023-03-13T14:29:08Z" duration-ms="643">
      <class name="extentReports.ExtentDemo">
        <test-method is-config="true" signature="startReport()[pri:0, instance:extentReports.ExtentDemo@1e8b7643]" started-at="2023-03-13T14:29:07Z" name="startReport" finished-at="2023-03-13T14:29:08Z" duration-ms="317" status="PASS">
          <reporter-output>
          </reporter-output>
        </test-method> <!-- startReport -->
        <test-method signature="VerifyLogo()[pri:0, instance:extentReports.ExtentDemo@1e8b7643]" started-at="2023-03-13T14:29:08Z" name="VerifyLogo" finished-at="2023-03-13T14:29:08Z" duration-ms="7" status="PASS">
          <reporter-output>
          </reporter-output>
        </test-method> <!-- VerifyLogo -->
        <test-method is-config="true" signature="getTestResult(org.testng.ITestResult)[pri:0, instance:extentReports.ExtentDemo@1e8b7643]" started-at="2023-03-13T14:29:08Z" name="getTestResult" finished-at="2023-03-13T14:29:08Z" duration-ms="15" status="PASS">
          <params>
            <param index="0">
              <value>
                <![CDATA[[TestResult name=VerifyLogo status=SUCCESS method=ExtentDemo.VerifyLogo()[pri:0, instance:extentReports.ExtentDemo@1e8b7643] output={null}]]]>
              </value>
            </param>
          </params>
          <reporter-output>
          </reporter-output>
        </test-method> <!-- getTestResult -->
        <test-method signature="launBrowserAndOpenUrl()[pri:0, instance:extentReports.ExtentDemo@1e8b7643]" started-at="2023-03-13T14:29:08Z" name="launBrowserAndOpenUrl" finished-at="2023-03-13T14:29:08Z" duration-ms="1" status="PASS">
          <reporter-output>
          </reporter-output>
        </test-method> <!-- launBrowserAndOpenUrl -->
        <test-method is-config="true" signature="getTestResult(org.testng.ITestResult)[pri:0, instance:extentReports.ExtentDemo@1e8b7643]" started-at="2023-03-13T14:29:08Z" name="getTestResult" finished-at="2023-03-13T14:29:08Z" duration-ms="1" status="PASS">
          <params>
            <param index="0">
              <value>
                <![CDATA[[TestResult name=launBrowserAndOpenUrl status=SUCCESS method=ExtentDemo.launBrowserAndOpenUrl()[pri:0, instance:extentReports.ExtentDemo@1e8b7643] output={null}]]]>
              </value>
            </param>
          </params>
          <reporter-output>
          </reporter-output>
        </test-method> <!-- getTestResult -->
        <test-method signature="verifyEmail()[pri:0, instance:extentReports.ExtentDemo@1e8b7643]" started-at="2023-03-13T14:29:08Z" name="verifyEmail" finished-at="2023-03-13T14:29:08Z" duration-ms="1" status="SKIP">
          <exception class="org.testng.SkipException">
            <message>
              <![CDATA[skipping this test case with exception..]]>
            </message>
            <full-stacktrace>
              <![CDATA[org.testng.SkipException: skipping this test case with exception..
at extentReports.ExtentDemo.verifyEmail(ExtentDemo.java:70)
at java.base/jdk.internal.reflect.NativeMethodAccessorImpl.invoke0(Native Method)
at java.base/jdk.internal.reflect.NativeMethodAccessorImpl.invoke(NativeMethodAccessorImpl.java:77)
at java.base/jdk.internal.reflect.DelegatingMethodAccessorImpl.invoke(DelegatingMethodAccessorImpl.java:43)
at java.base/java.lang.reflect.Method.invoke(Method.java:568)
at org.testng.internal.MethodInvocationHelper.invokeMethod(MethodInvocationHelper.java:124)
at org.testng.internal.Invoker.invokeMethod(Invoker.java:583)
at org.testng.internal.Invoker.invokeTestMethod(Invoker.java:719)
at org.testng.internal.Invoker.invokeTestMethods(Invoker.java:989)
at org.testng.internal.TestMethodWorker.invokeTestMethods(TestMethodWorker.java:125)
at org.testng.internal.TestMethodWorker.run(TestMethodWorker.java:109)
at org.testng.TestRunner.privateRun(TestRunner.java:648)
at org.testng.TestRunner.run(TestRunner.java:505)
at org.testng.SuiteRunner.runTest(SuiteRunner.java:455)
at org.testng.SuiteRunner.runSequentially(SuiteRunner.java:450)
at org.testng.SuiteRunner.privateRun(SuiteRunner.java:415)
at org.testng.SuiteRunner.run(SuiteRunner.java:364)
at org.testng.SuiteRunnerWorker.runSuite(SuiteRunnerWorker.java:52)
at org.testng.SuiteRunnerWorker.run(SuiteRunnerWorker.java:84)
at org.testng.TestNG.runSuitesSequentially(TestNG.java:1208)
at org.testng.TestNG.runSuitesLocally(TestNG.java:1137)
at org.testng.TestNG.runSuites(TestNG.java:1049)
at org.testng.TestNG.run(TestNG.java:1017)
at org.testng.remote.AbstractRemoteTestNG.run(AbstractRemoteTestNG.java:115)
at org.testng.remote.RemoteTestNG.initAndRun(RemoteTestNG.java:251)
at org.testng.remote.RemoteTestNG.main(RemoteTestNG.java:77)
]]>
            </full-stacktrace>
          </exception> <!-- org.testng.SkipException -->
          <reporter-output>
          </reporter-output>
        </test-method> <!-- verifyEmail -->
        <test-method signature="verifyTitle()[pri:0, instance:extentReports.ExtentDemo@1e8b7643]" started-at="2023-03-13T14:29:08Z" name="verifyTitle" finished-at="2023-03-13T14:29:08Z" duration-ms="1" status="PASS">
          <reporter-output>
          </reporter-output>
        </test-method> <!-- verifyTitle -->
        <test-method is-config="true" signature="getTestResult(org.testng.ITestResult)[pri:0, instance:extentReports.ExtentDemo@1e8b7643]" started-at="2023-03-13T14:29:08Z" name="getTestResult" finished-at="2023-03-13T14:29:08Z" duration-ms="0" status="PASS">
          <params>
            <param index="0">
              <value>
                <![CDATA[[TestResult name=verifyEmail status=SKIP method=ExtentDemo.verifyEmail()[pri:0, instance:extentReports.ExtentDemo@1e8b7643] output={null}]]]>
              </value>
            </param>
          </params>
          <reporter-output>
          </reporter-output>
        </test-method> <!-- getTestResult -->
        <test-method is-config="true" signature="getTestResult(org.testng.ITestResult)[pri:0, instance:extentReports.ExtentDemo@1e8b7643]" started-at="2023-03-13T14:29:08Z" name="getTestResult" finished-at="2023-03-13T14:29:08Z" duration-ms="1" status="PASS">
          <params>
            <param index="0">
              <value>
                <![CDATA[[TestResult name=verifyTitle status=SUCCESS method=ExtentDemo.verifyTitle()[pri:0, instance:extentReports.ExtentDemo@1e8b7643] output={null}]]]>
              </value>
            </param>
          </params>
          <reporter-output>
          </reporter-output>
        </test-method> <!-- getTestResult -->
        <test-method signature="verifyUserName()[pri:0, instance:extentReports.ExtentDemo@1e8b7643]" started-at="2023-03-13T14:29:08Z" name="verifyUserName" finished-at="2023-03-13T14:29:08Z" duration-ms="1" status="PASS">
          <reporter-output>
          </reporter-output>
        </test-method> <!-- verifyUserName -->
        <test-method is-config="true" signature="getTestResult(org.testng.ITestResult)[pri:0, instance:extentReports.ExtentDemo@1e8b7643]" started-at="2023-03-13T14:29:08Z" name="getTestResult" finished-at="2023-03-13T14:29:08Z" duration-ms="1" status="PASS">
          <params>
            <param index="0">
              <value>
                <![CDATA[[TestResult name=verifyUserName status=SUCCESS method=ExtentDemo.verifyUserName()[pri:0, instance:extentReports.ExtentDemo@1e8b7643] output={null}]]]>
              </value>
            </param>
          </params>
          <reporter-output>
          </reporter-output>
        </test-method> <!-- getTestResult -->
        <test-method is-config="true" signature="tearDown()[pri:0, instance:extentReports.ExtentDemo@1e8b7643]" started-at="2023-03-13T14:29:08Z" name="tearDown" finished-at="2023-03-13T14:29:08Z" duration-ms="281" status="PASS">
          <reporter-output>
          </reporter-output>
        </test-method> <!-- tearDown -->
      </class> <!-- extentReports.ExtentDemo -->
    </test> <!-- Default test -->
  </suite> <!-- Default suite -->
</testng-results>
